0 info it worked if it ends with ok
1 verbose cli [ '/home/ubuntu/.nvm/versions/node/v4.7.3/bin/node',
1 verbose cli   '/home/ubuntu/.nvm/versions/node/v4.7.3/bin/npm',
1 verbose cli   'install',
1 verbose cli   '--save',
1 verbose cli   'epxress' ]
2 info using npm@2.15.11
3 info using node@v4.7.3
4 verbose install initial load of /home/ubuntu/workspace/package.json
5 warn package.json chat-example@0.0.0 No repository field.
6 warn package.json chat-example@0.0.0 No license field.
7 verbose installManyTop reading scoped package data from /home/ubuntu/workspace/node_modules/async/package.json
8 verbose installManyTop reading scoped package data from /home/ubuntu/workspace/node_modules/express/package.json
9 verbose installManyTop reading scoped package data from /home/ubuntu/workspace/node_modules/jQuery/package.json
10 verbose installManyTop reading scoped package data from /home/ubuntu/workspace/node_modules/materialize-css/package.json
11 verbose installManyTop reading scoped package data from /home/ubuntu/workspace/node_modules/superagent/package.json
12 info package.json jQuery@1.7.4 No license field.
13 info package.json express@3.2.6 No license field.
14 info package.json async@0.2.10 No license field.
15 verbose readDependencies loading dependencies from /home/ubuntu/workspace/package.json
16 silly cache add args [ 'epxress', null ]
17 verbose cache add spec epxress
18 silly cache add parsed spec Result {
18 silly cache add   raw: 'epxress',
18 silly cache add   scope: null,
18 silly cache add   name: 'epxress',
18 silly cache add   rawSpec: '',
18 silly cache add   spec: 'latest',
18 silly cache add   type: 'tag' }
19 silly addNamed epxress@latest
20 verbose addNamed "latest" is being treated as a dist-tag for epxress
21 info addNameTag [ 'epxress', 'latest' ]
22 silly mapToRegistry name epxress
23 silly mapToRegistry using default registry
24 silly mapToRegistry registry https://registry.npmjs.org/
25 silly mapToRegistry data Result {
25 silly mapToRegistry   raw: 'epxress',
25 silly mapToRegistry   scope: null,
25 silly mapToRegistry   name: 'epxress',
25 silly mapToRegistry   rawSpec: '',
25 silly mapToRegistry   spec: 'latest',
25 silly mapToRegistry   type: 'tag' }
26 silly mapToRegistry uri https://registry.npmjs.org/epxress
27 verbose addNameTag registry:https://registry.npmjs.org/epxress not in flight; fetching
28 verbose request uri https://registry.npmjs.org/epxress
29 verbose request no auth needed
30 info attempt registry request try #1 at 3:57:21 PM
31 verbose request id 82cf3f8d51cb2fc4
32 http request GET https://registry.npmjs.org/epxress
33 http 404 https://registry.npmjs.org/epxress
34 verbose headers { 'content-type': 'application/json',
34 verbose headers   'cache-control': 'max-age=0',
34 verbose headers   'content-length': '2',
34 verbose headers   'accept-ranges': 'bytes',
34 verbose headers   date: 'Sun, 21 May 2017 15:57:21 GMT',
34 verbose headers   via: '1.1 varnish',
34 verbose headers   age: '0',
34 verbose headers   connection: 'keep-alive',
34 verbose headers   'x-served-by': 'cache-ord1724-ORD',
34 verbose headers   'x-cache': 'MISS',
34 verbose headers   'x-cache-hits': '0',
34 verbose headers   'x-timer': 'S1495382242.653857,VS0,VE255',
34 verbose headers   vary: 'Accept-Encoding' }
35 silly get cb [ 404,
35 silly get   { 'content-type': 'application/json',
35 silly get     'cache-control': 'max-age=0',
35 silly get     'content-length': '2',
35 silly get     'accept-ranges': 'bytes',
35 silly get     date: 'Sun, 21 May 2017 15:57:21 GMT',
35 silly get     via: '1.1 varnish',
35 silly get     age: '0',
35 silly get     connection: 'keep-alive',
35 silly get     'x-served-by': 'cache-ord1724-ORD',
35 silly get     'x-cache': 'MISS',
35 silly get     'x-cache-hits': '0',
35 silly get     'x-timer': 'S1495382242.653857,VS0,VE255',
35 silly get     vary: 'Accept-Encoding' } ]
36 verbose stack Error: Registry returned 404 for GET on https://registry.npmjs.org/epxress
36 verbose stack     at makeError (/home/ubuntu/.nvm/versions/node/v4.7.3/lib/node_modules/npm/node_modules/npm-registry-client/lib/request.js:302:12)
36 verbose stack     at CachingRegistryClient.<anonymous> (/home/ubuntu/.nvm/versions/node/v4.7.3/lib/node_modules/npm/node_modules/npm-registry-client/lib/request.js:280:14)
36 verbose stack     at Request._callback (/home/ubuntu/.nvm/versions/node/v4.7.3/lib/node_modules/npm/node_modules/npm-registry-client/lib/request.js:210:14)
36 verbose stack     at Request.self.callback (/home/ubuntu/.nvm/versions/node/v4.7.3/lib/node_modules/npm/node_modules/request/request.js:187:22)
36 verbose stack     at emitTwo (events.js:87:13)
36 verbose stack     at Request.emit (events.js:172:7)
36 verbose stack     at Request.<anonymous> (/home/ubuntu/.nvm/versions/node/v4.7.3/lib/node_modules/npm/node_modules/request/request.js:1044:10)
36 verbose stack     at emitOne (events.js:77:13)
36 verbose stack     at Request.emit (events.js:169:7)
36 verbose stack     at IncomingMessage.<anonymous> (/home/ubuntu/.nvm/versions/node/v4.7.3/lib/node_modules/npm/node_modules/request/request.js:965:12)
37 verbose statusCode 404
38 verbose pkgid epxress
39 verbose cwd /home/ubuntu/workspace
40 error Linux 4.9.17-c9
41 error argv "/home/ubuntu/.nvm/versions/node/v4.7.3/bin/node" "/home/ubuntu/.nvm/versions/node/v4.7.3/bin/npm" "install" "--save" "epxress"
42 error node v4.7.3
43 error npm  v2.15.11
44 error code E404
45 error 404 Registry returned 404 for GET on https://registry.npmjs.org/epxress
45 error 404
45 error 404 'epxress' is not in the npm registry.
45 error 404 You should bug the author to publish it (or use the name yourself!)
45 error 404 It was specified as a dependency of 'chat-example'
45 error 404
45 error 404 Note that you can also install from a
45 error 404 tarball, folder, http url, or git url.
46 verbose exit [ 1, true ]
